<?xml version="1.0" encoding="UTF-8"?>
<testng-results skipped="0" failed="0" total="1" passed="1">
  <reporter-output>
    <line>
      <![CDATA[<div "featureFile">Feature File: 1_LoginPage.feature</div>]]>
    </line>
    <line>
      <![CDATA[<div "feature">Feature: 1. Login Features</div>]]>
    </line>
    <line>
      <![CDATA[<div "scenario">Scenario: Login</div>]]>
    </line>
    <line>
      <![CDATA[[INFO]: The test Browser is CHROME !!!]]>
    </line>
    <line>
      <![CDATA[<div "result">Given  I Launch Application URL (passed : 9s)</div>]]>
    </line>
    <line>
      <![CDATA[I Enter Domain Name: 'Framework']]>
    </line>
    <line>
      <![CDATA[I Enter User Name: 'ssingh7688']]>
    </line>
    <line>
      <![CDATA[I Enter Password: '56837688']]>
    </line>
    <line>
      <![CDATA[I Click On Login Button]]>
    </line>
    <line>
      <![CDATA[<div "result">When  I Login As &quot;Admin&quot; (passed : 7s)</div>]]>
    </line>
    <line>
      <![CDATA[********************************************************]]>
    </line>
    <line>
      <![CDATA[Scenario Result: passed]]>
    </line>
    <line>
      <![CDATA[********************************************************]]>
    </line>
    <line>
      <![CDATA[<div "featureFile">Feature File: 2_Dashboard.feature</div>]]>
    </line>
    <line>
      <![CDATA[<div "feature">Feature: 2. Dashboard Features</div>]]>
    </line>
    <line>
      <![CDATA[<div "scenario">Scenario: Create a new user</div>]]>
    </line>
    <line>
      <![CDATA[Page Title Is 'framework | Home']]>
    </line>
    <line>
      <![CDATA[<div "result">Given  I verify page title is &quot;framework | Home&quot; (passed : 0s)</div>]]>
    </line>
    <line>
      <![CDATA[I Select Link 'Add user']]>
    </line>
    <line>
      <![CDATA[<div "result">When  I select link &quot;Add user&quot; (passed : 2s)</div>]]>
    </line>
    <line>
      <![CDATA[********************************************************]]>
    </line>
    <line>
      <![CDATA[Scenario Result: passed]]>
    </line>
    <line>
      <![CDATA[********************************************************]]>
    </line>
  </reporter-output>
  <suite name="Surefire suite" duration-ms="21629" started-at="2017-10-26T12:12:58Z" finished-at="2017-10-26T12:13:19Z">
    <groups>
      <group name="cucumber">
        <method signature="AbstractTestNGCucumberTests.run_cukes()[pri:0, instance:com.company.project.stepdefs.RunnerTest@3cda1055]" name="run_cukes" class="cucumber.api.testng.AbstractTestNGCucumberTests"/>
      </group> <!-- cucumber -->
    </groups>
    <test name="Surefire test" duration-ms="21629" started-at="2017-10-26T12:12:58Z" finished-at="2017-10-26T12:13:19Z">
      <class name="com.company.project.stepdefs.RunnerTest">
        <test-method status="PASS" signature="run_cukes()[pri:0, instance:com.company.project.stepdefs.RunnerTest@3cda1055]" name="run_cukes" duration-ms="20379" started-at="2017-10-26T17:42:58Z" description="Runs Cucumber Features" finished-at="2017-10-26T17:43:18Z">
          <reporter-output>
            <line>
              <![CDATA[<div "featureFile">Feature File: 1_LoginPage.feature</div>]]>
            </line>
            <line>
              <![CDATA[<div "feature">Feature: 1. Login Features</div>]]>
            </line>
            <line>
              <![CDATA[<div "scenario">Scenario: Login</div>]]>
            </line>
            <line>
              <![CDATA[[INFO]: The test Browser is CHROME !!!]]>
            </line>
            <line>
              <![CDATA[<div "result">Given  I Launch Application URL (passed : 9s)</div>]]>
            </line>
            <line>
              <![CDATA[I Enter Domain Name: 'Framework']]>
            </line>
            <line>
              <![CDATA[I Enter User Name: 'ssingh7688']]>
            </line>
            <line>
              <![CDATA[I Enter Password: '56837688']]>
            </line>
            <line>
              <![CDATA[I Click On Login Button]]>
            </line>
            <line>
              <![CDATA[<div "result">When  I Login As &quot;Admin&quot; (passed : 7s)</div>]]>
            </line>
            <line>
              <![CDATA[********************************************************]]>
            </line>
            <line>
              <![CDATA[Scenario Result: passed]]>
            </line>
            <line>
              <![CDATA[********************************************************]]>
            </line>
            <line>
              <![CDATA[<div "featureFile">Feature File: 2_Dashboard.feature</div>]]>
            </line>
            <line>
              <![CDATA[<div "feature">Feature: 2. Dashboard Features</div>]]>
            </line>
            <line>
              <![CDATA[<div "scenario">Scenario: Create a new user</div>]]>
            </line>
            <line>
              <![CDATA[Page Title Is 'framework | Home']]>
            </line>
            <line>
              <![CDATA[<div "result">Given  I verify page title is &quot;framework | Home&quot; (passed : 0s)</div>]]>
            </line>
            <line>
              <![CDATA[I Select Link 'Add user']]>
            </line>
            <line>
              <![CDATA[<div "result">When  I select link &quot;Add user&quot; (passed : 2s)</div>]]>
            </line>
            <line>
              <![CDATA[********************************************************]]>
            </line>
            <line>
              <![CDATA[Scenario Result: passed]]>
            </line>
            <line>
              <![CDATA[********************************************************]]>
            </line>
          </reporter-output>
        </test-method> <!-- run_cukes -->
        <test-method status="PASS" signature="closeTestSession()[pri:0, instance:com.company.project.stepdefs.RunnerTest@3cda1055]" name="closeTestSession" is-config="true" duration-ms="1229" started-at="2017-10-26T17:43:18Z" finished-at="2017-10-26T17:43:19Z">
          <reporter-output>
          </reporter-output>
        </test-method> <!-- closeTestSession -->
      </class> <!-- com.company.project.stepdefs.RunnerTest -->
    </test> <!-- Surefire test -->
  </suite> <!-- Surefire suite -->
</testng-results>
